<?xml version="1.0" encoding="UTF-8"?>
<!-- Generated by org.testng.reporters.JUnitXMLReporter -->
<testsuite ignored="0" hostname="EC2AMAZ-S11DBRH" failures="0" tests="4" name="Default test" time="0.064" errors="0" timestamp="2024-04-26T06:02:44 GMT">
  <testcase classname="testngScripts.Sample2Test" name="Test1" time="0.01"/>
  <testcase classname="testngScripts.Sample2Test" name="Test2" time="0.002"/>
  <testcase classname="testngScripts.Sample2Test" name="Test3" time="0.002"/>
  <testcase classname="testngScripts.Sample2Test" name="Test4" time="0.003"/>
</testsuite> <!-- Default test -->
