<?xml version="1.0" encoding="UTF-8"?>
<!-- Generated by org.testng.reporters.JUnitXMLReporter -->
<testsuite ignored="0" hostname="EC2AMAZ-S11DBRH" failures="0" tests="4" name="ModuleTwoTest" time="0.026" errors="0" timestamp="2024-04-29T17:16:54 GMT">
  <testcase classname="parellelScripts.Sample3ParellelTest" name="Test1" time="0.004"/>
  <testcase classname="parellelScripts.Sample3ParellelTest" name="Test2" time="0.002"/>
  <testcase classname="parellelScripts.Sample3ParellelTest" name="Test3" time="0.002"/>
  <testcase classname="parellelScripts.Sample3ParellelTest" name="Test4" time="0.002"/>
</testsuite> <!-- ModuleTwoTest -->
