<?xml version="1.0" encoding="UTF-8"?>
<!-- Generated by org.testng.reporters.JUnitXMLReporter -->
<testsuite ignored="7" hostname="EC2AMAZ-S11DBRH" failures="0" tests="6" name="ModuleOneTest" time="0.088" errors="0" timestamp="2024-04-29T18:23:18 GMT">
  <testcase classname="testngScripts.Sample1Test" name="Test1" time="0.011"/>
  <testcase classname="testngScripts.Sample1Test" name="Test2" time="0.002"/>
  <testcase classname="testngScripts.Sample1Test" name="Test3" time="0.001"/>
  <testcase classname="testngScripts.Sample2Test" name="Test1" time="0.002"/>
  <testcase classname="testngScripts.Sample2Test" name="Test2" time="0.001"/>
  <testcase classname="testngScripts.Sample2Test" name="Test3" time="0.003"/>
  <testcase classname="testngScripts.GooglePagetest" name="cucumberSearchTest" time="0.0">
    <ignored/>
  </testcase> <!-- cucumberSearchTest -->
  <testcase classname="testngScripts.GooglePagetest" name="javaSearchTest" time="0.0">
    <ignored/>
  </testcase> <!-- javaSearchTest -->
  <testcase classname="testngScripts.Sample2Test" name="Test4" time="0.0">
    <ignored/>
  </testcase> <!-- Test4 -->
  <testcase classname="testngScripts.GooglePagetest" name="appiumSearchTest" time="0.0">
    <ignored/>
  </testcase> <!-- appiumSearchTest -->
  <testcase classname="testngScripts.Sample1Test" name="Test4" time="0.0">
    <ignored/>
  </testcase> <!-- Test4 -->
  <testcase classname="testngScripts.GooglePagetest" name="seleniumSearchTest" time="0.0">
    <ignored/>
  </testcase> <!-- seleniumSearchTest -->
  <testcase classname="testngScripts.LoginPageTest" name="validLogin" time="0.0">
    <ignored/>
  </testcase> <!-- validLogin -->
</testsuite> <!-- ModuleOneTest -->
