<?xml version="1.0" encoding="UTF-8"?>
<testng-results ignored="0" total="1" passed="1" failed="0" skipped="0">
  <reporter-output>
  </reporter-output>
  <suite started-at="2024-04-25T07:13:15 GMT" name="Default suite" finished-at="2024-04-25T07:13:20 GMT" duration-ms="4359">
    <groups>
    </groups>
    <test started-at="2024-04-25T07:13:15 GMT" name="Default test" finished-at="2024-04-25T07:13:20 GMT" duration-ms="4359">
      <class name="testngScripts.GooglePagetest">
        <test-method signature="javaSearchTest()[pri:0, instance:testngScripts.GooglePagetest@2cdd0d4b]" started-at="2024-04-25T07:13:15 GMT" name="javaSearchTest" finished-at="2024-04-25T07:13:20 GMT" duration-ms="4299" status="PASS">
          <reporter-output>
          </reporter-output>
        </test-method> <!-- javaSearchTest -->
      </class> <!-- testngScripts.GooglePagetest -->
    </test> <!-- Default test -->
  </suite> <!-- Default suite -->
</testng-results>
