<?xml version="1.0" encoding="UTF-8"?>
<testng-results ignored="7" total="13" passed="6" failed="0" skipped="0">
  <reporter-output>
  </reporter-output>
  <suite started-at="2024-04-26T06:36:09 GMT" name="SampleSuite" finished-at="2024-04-26T06:36:09 GMT" duration-ms="77">
    <groups>
      <group name="feature2">
        <method signature="Sample1Test.Test2()[pri:0, instance:testngScripts.Sample1Test@26275bef]" name="Test2" class="testngScripts.Sample1Test"/>
        <method signature="Sample2Test.Test2()[pri:0, instance:testngScripts.Sample2Test@7690781]" name="Test2" class="testngScripts.Sample2Test"/>
      </group> <!-- feature2 -->
      <group name="feature3">
        <method signature="Sample1Test.Test3()[pri:0, instance:testngScripts.Sample1Test@26275bef]" name="Test3" class="testngScripts.Sample1Test"/>
        <method signature="Sample2Test.Test3()[pri:0, instance:testngScripts.Sample2Test@7690781]" name="Test3" class="testngScripts.Sample2Test"/>
      </group> <!-- feature3 -->
      <group name="feature1">
        <method signature="Sample1Test.Test1()[pri:0, instance:testngScripts.Sample1Test@26275bef]" name="Test1" class="testngScripts.Sample1Test"/>
        <method signature="Sample2Test.Test1()[pri:0, instance:testngScripts.Sample2Test@7690781]" name="Test1" class="testngScripts.Sample2Test"/>
      </group> <!-- feature1 -->
    </groups>
    <test started-at="2024-04-26T06:36:09 GMT" name="ModuleOneTest" finished-at="2024-04-26T06:36:09 GMT" duration-ms="77">
      <class name="testngScripts.Sample2Test">
        <test-method signature="Test1()[pri:0, instance:testngScripts.Sample2Test@7690781]" started-at="2024-04-26T06:36:09 GMT" name="Test1" finished-at="2024-04-26T06:36:09 GMT" duration-ms="1" status="PASS">
          <reporter-output>
          </reporter-output>
        </test-method> <!-- Test1 -->
        <test-method signature="Test2()[pri:0, instance:testngScripts.Sample2Test@7690781]" started-at="2024-04-26T06:36:09 GMT" name="Test2" finished-at="2024-04-26T06:36:09 GMT" duration-ms="1" status="PASS">
          <reporter-output>
          </reporter-output>
        </test-method> <!-- Test2 -->
        <test-method signature="Test3()[pri:0, instance:testngScripts.Sample2Test@7690781]" started-at="2024-04-26T06:36:09 GMT" name="Test3" finished-at="2024-04-26T06:36:09 GMT" duration-ms="1" status="PASS">
          <reporter-output>
          </reporter-output>
        </test-method> <!-- Test3 -->
      </class> <!-- testngScripts.Sample2Test -->
      <class name="testngScripts.Sample1Test">
        <test-method signature="Test1()[pri:0, instance:testngScripts.Sample1Test@26275bef]" started-at="2024-04-26T06:36:09 GMT" name="Test1" finished-at="2024-04-26T06:36:09 GMT" duration-ms="9" status="PASS">
          <reporter-output>
          </reporter-output>
        </test-method> <!-- Test1 -->
        <test-method signature="Test2()[pri:0, instance:testngScripts.Sample1Test@26275bef]" started-at="2024-04-26T06:36:09 GMT" name="Test2" finished-at="2024-04-26T06:36:09 GMT" duration-ms="3" status="PASS">
          <reporter-output>
          </reporter-output>
        </test-method> <!-- Test2 -->
        <test-method signature="Test3()[pri:0, instance:testngScripts.Sample1Test@26275bef]" started-at="2024-04-26T06:36:09 GMT" name="Test3" finished-at="2024-04-26T06:36:09 GMT" duration-ms="2" status="PASS">
          <reporter-output>
          </reporter-output>
        </test-method> <!-- Test3 -->
      </class> <!-- testngScripts.Sample1Test -->
    </test> <!-- ModuleOneTest -->
  </suite> <!-- SampleSuite -->
</testng-results>
